<?xml version="1.0" encoding="UTF-8"?>
<testsuite name="ohtu.verkkokauppa.KauppaTest" tests="8" skipped="0" failures="0" errors="0" timestamp="2021-02-19T12:14:32" hostname="DESKTOP-MELERPL" time="0.499">
  <properties/>
  <testcase name="poistaKoristaPoistaaTuoteenKorista" classname="ohtu.verkkokauppa.KauppaTest" time="0.488"/>
  <testcase name="kauppaPyytaaUudenViitteenJokaMaksulle" classname="ohtu.verkkokauppa.KauppaTest" time="0.002"/>
  <testcase name="tuoteMeneeKoriinVarastostaJaOstoSuoriutuu" classname="ohtu.verkkokauppa.KauppaTest" time="0.001"/>
  <testcase name="ostoksenPaaytyttyaPankinMetodiaTilisiirtoKutsutaan" classname="ohtu.verkkokauppa.KauppaTest" time="0.002"/>
  <testcase name="kaksiSamaaaTuotettaJoitaVarastossaOnMeneeKoriinJaTilisiirtoMeneeOikein" classname="ohtu.verkkokauppa.KauppaTest" time="0.001"/>
  <testcase name="kaksiTuotettaJoistaVarastossaToistaOnMeneeToinenKoriinJaTilisiirtoMeneeOikein" classname="ohtu.verkkokauppa.KauppaTest" time="0.001"/>
  <testcase name="kaksiTuotettaJoitaVarastossaOnMeneeKoriinJaTilisiirtoMeneeOikein" classname="ohtu.verkkokauppa.KauppaTest" time="0.001"/>
  <testcase name="aloitaAsiointiNollaaOstoksetKunnolla" classname="ohtu.verkkokauppa.KauppaTest" time="0.001"/>
  <system-out><![CDATA[]]></system-out>
  <system-err><![CDATA[]]></system-err>
</testsuite>
